apiDemos/build/outputs/logs/manifest-merger-debug-report.txt
-- Merging decision tree log ---
manifest
ADDED from src\main\AndroidManifest.xml:22:1-3155:12
	package
		ADDED from src\main\AndroidManifest.xml:23:5-39
		INJECTED from src\main\AndroidManifest.xml
		INJECTED from src\main\AndroidManifest.xml
	xmlns:android
		ADDED from src\main\AndroidManifest.xml:22:11-69
uses-sdk
ADDED from src\main\AndroidManifest.xml:25:5-27:41
MERGED from [com.google.android.gms:play-services:10.0.1] AndroidManifest.xml:4:5-42
MERGED from [com.google.android.gms:play-services-analytics:10.0.1] AndroidManifest.xml:17:5-42
MERGED from [com.google.android.gms:play-services-appinvite:10.0.1] AndroidManifest.xml:17:5-42
MERGED from [com.google.android.gms:play-services-auth:10.0.1] AndroidManifest.xml:17:5-42
MERGED from [com.google.android.gms:play-services-auth-base:10.0.1] AndroidManifest.xml:4:5-42
MERGED from [com.google.android.gms:play-services-cast-framework:10.0.1] AndroidManifest.xml:3:5-42
MERGED from [com.google.android.gms:play-services-cast:10.0.1] AndroidManifest.xml:17:5-42
MERGED from [com.android.support:mediarouter-v7:24.0.0] AndroidManifest.xml:20:5-43
MERGED from [com.android.support:palette-v7:24.0.0] AndroidManifest.xml:20:5-43
MERGED from [com.android.support:appcompat-v7:24.0.0] AndroidManifest.xml:21:5-23:78
MERGED from [com.android.support:animated-vector-drawable:24.0.0] AndroidManifest.xml:20:5-44
MERGED from [com.android.support:support-vector-drawable:24.0.0] AndroidManifest.xml:21:5-43
MERGED from [com.google.firebase:firebase-config:10.0.1] AndroidManifest.xml:17:5-42
MERGED from [com.google.android.gms:play-services-awareness:10.0.1] AndroidManifest.xml:17:5-42
MERGED from [com.google.firebase:firebase-crash:10.0.1] AndroidManifest.xml:20:5-42
MERGED from [com.google.firebase:firebase-auth:10.0.1] AndroidManifest.xml:17:5-42
MERGED from [com.google.firebase:firebase-database:10.0.1] AndroidManifest.xml:3:5-42
MERGED from [com.google.firebase:firebase-database-connection:10.0.1] AndroidManifest.xml:3:5-42
MERGED from [com.google.firebase:firebase-messaging:10.0.1] AndroidManifest.xml:17:5-42
MERGED from [com.google.firebase:firebase-storage:10.0.1] AndroidManifest.xml:3:5-42
MERGED from [com.google.firebase:firebase-storage-common:10.0.1] AndroidManifest.xml:3:5-42
MERGED from [com.google.android.gms:play-services-fitness:10.0.1] AndroidManifest.xml:17:5-42
MERGED from [com.google.android.gms:play-services-games:10.0.1] AndroidManifest.xml:17:5-42
MERGED from [com.google.android.gms:play-services-drive:10.0.1] AndroidManifest.xml:17:5-42
MERGED from [com.google.android.gms:play-services-gcm:10.0.1] AndroidManifest.xml:17:5-42
MERGED from [com.google.firebase:firebase-appindexing:10.0.1] AndroidManifest.xml:17:5-42
MERGED from [com.google.android.gms:play-services-iid:10.0.1] AndroidManifest.xml:17:5-42
MERGED from [com.google.android.gms:play-services-instantapps:10.0.1] AndroidManifest.xml:3:5-42
MERGED from [com.google.android.gms:play-services-location:10.0.1] AndroidManifest.xml:3:5-42
MERGED from [com.google.android.gms:play-services-nearby:10.0.1] AndroidManifest.xml:3:5-42
MERGED from [com.google.android.gms:play-services-panorama:10.0.1] AndroidManifest.xml:17:5-42
MERGED from [com.google.android.gms:play-services-places:10.0.1] AndroidManifest.xml:17:5-42
MERGED from [com.google.android.gms:play-services-plus:10.0.1] AndroidManifest.xml:17:5-42
MERGED from [com.google.android.gms:play-services-safetynet:10.0.1] AndroidManifest.xml:17:5-42
MERGED from [com.google.android.gms:play-services-tagmanager:10.0.1] AndroidManifest.xml:17:5-42
MERGED from [com.google.android.gms:play-services-tagmanager-api:10.0.1] AndroidManifest.xml:17:5-42
MERGED from [com.google.firebase:firebase-analytics:10.0.1] AndroidManifest.xml:17:5-42
MERGED from [com.google.firebase:firebase-analytics-impl:10.0.1] AndroidManifest.xml:17:5-42
MERGED from [com.google.firebase:firebase-iid:10.0.1] AndroidManifest.xml:17:5-42
MERGED from [com.google.firebase:firebase-common:10.0.1] AndroidManifest.xml:3:5-42
MERGED from [com.google.android.gms:play-services-tagmanager-v4-impl:10.0.1] AndroidManifest.xml:17:5-42
MERGED from [com.google.android.gms:play-services-analytics-impl:10.0.1] AndroidManifest.xml:17:5-42
MERGED from [com.google.android.gms:play-services-vision:10.0.1] AndroidManifest.xml:3:5-42
MERGED from [com.google.android.gms:play-services-wallet:10.0.1] AndroidManifest.xml:18:5-42
MERGED from [com.google.android.gms:play-services-identity:10.0.1] AndroidManifest.xml:17:5-42
MERGED from [com.google.android.gms:play-services-maps:10.0.1] AndroidManifest.xml:23:5-42
MERGED from [com.google.android.gms:play-services-ads:10.0.1] AndroidManifest.xml:17:5-42
MERGED from [com.google.android.gms:play-services-ads-lite:10.0.1] AndroidManifest.xml:22:5-42
MERGED from [com.google.android.gms:play-services-clearcut:10.0.1] AndroidManifest.xml:17:5-42
MERGED from [com.google.android.gms:play-services-gass:10.0.1] AndroidManifest.xml:3:5-42
MERGED from [com.google.android.gms:play-services-wearable:10.0.1] AndroidManifest.xml:17:5-42
MERGED from [com.google.android.gms:play-services-base:10.0.1] AndroidManifest.xml:17:5-42
MERGED from [com.google.android.gms:play-services-tasks:10.0.1] AndroidManifest.xml:3:5-42
MERGED from [com.google.android.gms:play-services-basement:10.0.1] AndroidManifest.xml:17:5-42
MERGED from [com.android.support:support-v4:25.1.1] AndroidManifest.xml:21:5-23:54
MERGED from [com.android.support:support-fragment:25.1.1] AndroidManifest.xml:21:5-23:60
MERGED from [com.android.support:support-media-compat:25.1.1] AndroidManifest.xml:21:5-23:63
MERGED from [com.android.support:support-core-ui:25.1.1] AndroidManifest.xml:21:5-23:58
MERGED from [com.android.support:support-core-utils:25.1.1] AndroidManifest.xml:21:5-23:61
MERGED from [com.android.support:support-compat:25.1.1] AndroidManifest.xml:21:5-23:58
	tools:overrideLibrary
		ADDED from [com.android.support:appcompat-v7:24.0.0] AndroidManifest.xml:23:9-75
	android:targetSdkVersion
		ADDED from src\main\AndroidManifest.xml:27:9-38
	android:minSdkVersion
		ADDED from src\main\AndroidManifest.xml:26:9-35
uses-permission#android.permission.READ_CONTACTS
ADDED from src\main\AndroidManifest.xml:29:5-72
	android:name
		ADDED from src\main\AndroidManifest.xml:29:22-69
uses-permission#android.permission.WRITE_CONTACTS
ADDED from src\main\AndroidManifest.xml:30:5-73
	android:name
		ADDED from src\main\AndroidManifest.xml:30:22-70
uses-permission#android.permission.VIBRATE
ADDED from src\main\AndroidManifest.xml:31:5-66
	android:name
		ADDED from src\main\AndroidManifest.xml:31:22-63
uses-permission#android.permission.ACCESS_COARSE_LOCATION
ADDED from src\main\AndroidManifest.xml:32:5-81
	android:name
		ADDED from src\main\AndroidManifest.xml:32:22-78
uses-permission#android.permission.INTERNET
ADDED from src\main\AndroidManifest.xml:33:5-67
MERGED from [com.google.android.gms:play-services-analytics:10.0.1] AndroidManifest.xml:20:5-66
MERGED from [com.google.android.gms:play-services-appinvite:10.0.1] AndroidManifest.xml:18:5-66
MERGED from [com.google.firebase:firebase-crash:10.0.1] AndroidManifest.xml:18:5-66
MERGED from [com.google.android.gms:play-services-gcm:10.0.1] AndroidManifest.xml:21:5-66
MERGED from [com.google.android.gms:play-services-iid:10.0.1] AndroidManifest.xml:21:5-66
MERGED from [com.google.android.gms:play-services-tagmanager-api:10.0.1] AndroidManifest.xml:20:5-66
MERGED from [com.google.firebase:firebase-analytics:10.0.1] AndroidManifest.xml:20:5-66
MERGED from [com.google.firebase:firebase-analytics-impl:10.0.1] AndroidManifest.xml:20:5-66
MERGED from [com.google.firebase:firebase-iid:10.0.1] AndroidManifest.xml:20:5-66
MERGED from [com.google.android.gms:play-services-analytics-impl:10.0.1] AndroidManifest.xml:20:5-66
MERGED from [com.google.android.gms:play-services-maps:10.0.1] AndroidManifest.xml:20:5-66
MERGED from [com.google.android.gms:play-services-ads-lite:10.0.1] AndroidManifest.xml:19:5-66
	android:name
		ADDED from src\main\AndroidManifest.xml:33:22-64
uses-permission#android.permission.SET_WALLPAPER
ADDED from src\main\AndroidManifest.xml:34:5-72
	android:name
		ADDED from src\main\AndroidManifest.xml:34:22-69
uses-permission#android.permission.WRITE_EXTERNAL_STORAGE
ADDED from src\main\AndroidManifest.xml:35:5-81
	android:name
		ADDED from src\main\AndroidManifest.xml:35:22-78
uses-permission#android.permission.SEND_SMS
ADDED from src\main\AndroidManifest.xml:36:5-67
	android:name
		ADDED from src\main\AndroidManifest.xml:36:22-64
uses-permission#android.permission.RECEIVE_SMS
ADDED from src\main\AndroidManifest.xml:37:5-70
	android:name
		ADDED from src\main\AndroidManifest.xml:37:22-67
uses-permission#android.permission.RECEIVE_MMS
ADDED from src\main\AndroidManifest.xml:38:5-69
	android:name
		ADDED from src\main\AndroidManifest.xml:38:22-67
uses-permission#android.permission.WRITE_SMS
ADDED from src\main\AndroidManifest.xml:39:5-67
	android:name
		ADDED from src\main\AndroidManifest.xml:39:22-65
uses-permission#android.permission.READ_SMS
ADDED from src\main\AndroidManifest.xml:40:5-66
	android:name
		ADDED from src\main\AndroidManifest.xml:40:22-64
uses-permission#android.permission.NFC
ADDED from src\main\AndroidManifest.xml:41:5-62
	android:name
		ADDED from src\main\AndroidManifest.xml:41:22-59
uses-permission#android.permission.TRANSMIT_IR
ADDED from src\main\AndroidManifest.xml:42:5-70
	android:name
		ADDED from src\main\AndroidManifest.xml:42:22-67
uses-permission#android.permission.READ_PHONE_STATE
ADDED from src\main\AndroidManifest.xml:43:5-74
	android:name
		ADDED from src\main\AndroidManifest.xml:43:22-72
uses-permission#android.permission.RECORD_AUDIO
ADDED from src\main\AndroidManifest.xml:46:5-71
	android:name
		ADDED from src\main\AndroidManifest.xml:46:22-68
uses-permission#android.permission.CAMERA
ADDED from src\main\AndroidManifest.xml:50:5-65
	android:name
		ADDED from src\main\AndroidManifest.xml:50:22-62
uses-feature#android.hardware.camera
ADDED from src\main\AndroidManifest.xml:51:5-60
	android:name
		ADDED from src\main\AndroidManifest.xml:51:19-57
uses-feature#android.hardware.camera.autofocus
ADDED from src\main\AndroidManifest.xml:52:5-95
	android:required
		ADDED from src\main\AndroidManifest.xml:52:68-92
	android:name
		ADDED from src\main\AndroidManifest.xml:52:19-67
application
ADDED from src\main\AndroidManifest.xml:54:5-3149:19
MERGED from [com.google.android.gms:play-services:10.0.1] AndroidManifest.xml:5:5-20
MERGED from [com.google.android.gms:play-services-analytics:10.0.1] AndroidManifest.xml:26:5-19
MERGED from [com.google.android.gms:play-services-appinvite:10.0.1] AndroidManifest.xml:19:5-26:19
MERGED from [com.google.android.gms:play-services-auth:10.0.1] AndroidManifest.xml:19:5-25:19
MERGED from [com.google.android.gms:play-services-cast-framework:10.0.1] AndroidManifest.xml:4:5-8:19
MERGED from [com.google.android.gms:play-services-cast:10.0.1] AndroidManifest.xml:18:5-19
MERGED from [com.android.support:mediarouter-v7:24.0.0] AndroidManifest.xml:22:5-20
MERGED from [com.android.support:palette-v7:24.0.0] AndroidManifest.xml:22:5-23:19
MERGED from [com.android.support:appcompat-v7:24.0.0] AndroidManifest.xml:25:5-20
MERGED from [com.android.support:animated-vector-drawable:24.0.0] AndroidManifest.xml:22:5-20
MERGED from [com.android.support:support-vector-drawable:24.0.0] AndroidManifest.xml:23:5-20
MERGED from [com.google.firebase:firebase-config:10.0.1] AndroidManifest.xml:18:5-19
MERGED from [com.google.android.gms:play-services-awareness:10.0.1] AndroidManifest.xml:18:5-19
MERGED from [com.google.firebase:firebase-crash:10.0.1] AndroidManifest.xml:22:5-23:19
MERGED from [com.google.firebase:firebase-auth:10.0.1] AndroidManifest.xml:19:5-20:19
MERGED from [com.google.firebase:firebase-messaging:10.0.1] AndroidManifest.xml:19:5-29:19
MERGED from [com.google.android.gms:play-services-fitness:10.0.1] AndroidManifest.xml:18:5-19
MERGED from [com.google.android.gms:play-services-games:10.0.1] AndroidManifest.xml:18:5-19
MERGED from [com.google.android.gms:play-services-drive:10.0.1] AndroidManifest.xml:18:5-19
MERGED from [com.google.android.gms:play-services-gcm:10.0.1] AndroidManifest.xml:23:5-19
MERGED from [com.google.firebase:firebase-appindexing:10.0.1] AndroidManifest.xml:18:5-19
MERGED from [com.google.android.gms:play-services-iid:10.0.1] AndroidManifest.xml:23:5-19
MERGED from [com.google.android.gms:play-services-location:10.0.1] AndroidManifest.xml:4:5-19
MERGED from [com.google.android.gms:play-services-nearby:10.0.1] AndroidManifest.xml:5:5-19
MERGED from [com.google.android.gms:play-services-panorama:10.0.1] AndroidManifest.xml:18:5-19
MERGED from [com.google.android.gms:play-services-places:10.0.1] AndroidManifest.xml:18:5-19
MERGED from [com.google.android.gms:play-services-plus:10.0.1] AndroidManifest.xml:18:5-19
MERGED from [com.google.android.gms:play-services-safetynet:10.0.1] AndroidManifest.xml:18:5-19
MERGED from [com.google.android.gms:play-services-tagmanager-api:10.0.1] AndroidManifest.xml:23:5-33:19
MERGED from [com.google.firebase:firebase-analytics:10.0.1] AndroidManifest.xml:24:5-33:19
MERGED from [com.google.firebase:firebase-analytics-impl:10.0.1] AndroidManifest.xml:24:5-28:19
MERGED from [com.google.firebase:firebase-iid:10.0.1] AndroidManifest.xml:28:5-50:19
MERGED from [com.google.firebase:firebase-common:10.0.1] AndroidManifest.xml:4:5-7:19
MERGED from [com.google.android.gms:play-services-tagmanager-v4-impl:10.0.1] AndroidManifest.xml:19:5-19
MERGED from [com.google.android.gms:play-services-analytics-impl:10.0.1] AndroidManifest.xml:26:5-19
MERGED from [com.google.android.gms:play-services-vision:10.0.1] AndroidManifest.xml:4:5-19
MERGED from [com.google.android.gms:play-services-identity:10.0.1] AndroidManifest.xml:18:5-19
MERGED from [com.google.android.gms:play-services-maps:10.0.1] AndroidManifest.xml:24:5-19
MERGED from [com.google.android.gms:play-services-ads-lite:10.0.1] AndroidManifest.xml:23:5-27:19
MERGED from [com.google.android.gms:play-services-clearcut:10.0.1] AndroidManifest.xml:18:5-19
MERGED from [com.google.android.gms:play-services-gass:10.0.1] AndroidManifest.xml:4:5-19
MERGED from [com.google.android.gms:play-services-wearable:10.0.1] AndroidManifest.xml:18:5-19
MERGED from [com.google.android.gms:play-services-base:10.0.1] AndroidManifest.xml:18:5-20:19
MERGED from [com.google.android.gms:play-services-tasks:10.0.1] AndroidManifest.xml:4:5-19
MERGED from [com.google.android.gms:play-services-basement:10.0.1] AndroidManifest.xml:19:5-21:19
MERGED from [com.android.support:support-v4:25.1.1] AndroidManifest.xml:25:5-20
MERGED from [com.android.support:support-fragment:25.1.1] AndroidManifest.xml:25:5-20
MERGED from [com.android.support:support-media-compat:25.1.1] AndroidManifest.xml:25:5-20
MERGED from [com.android.support:support-core-ui:25.1.1] AndroidManifest.xml:25:5-20
MERGED from [com.android.support:support-core-utils:25.1.1] AndroidManifest.xml:25:5-20
MERGED from [com.android.support:support-compat:25.1.1] AndroidManifest.xml:25:5-20
	android:label
		ADDED from src\main\AndroidManifest.xml:55:13-57
	android:supportsRtl
		ADDED from src\main\AndroidManifest.xml:58:13-39
	android:hardwareAccelerated
		ADDED from src\main\AndroidManifest.xml:57:13-47
	android:icon
		ADDED from src\main\AndroidManifest.xml:56:13-53
	android:name
		ADDED from src\main\AndroidManifest.xml:54:18-52
uses-library#com.example.will.never.exist
ADDED from src\main\AndroidManifest.xml:62:9-94
	android:required
		ADDED from src\main\AndroidManifest.xml:62:67-91
	android:name
		ADDED from src\main\AndroidManifest.xml:62:23-66
activity#com.example.android.apis.ApiDemos
ADDED from src\main\AndroidManifest.xml:64:9-70:20
	android:name
		ADDED from src\main\AndroidManifest.xml:64:19-42
intent-filter#android.intent.action.MAIN+android.intent.category.DEFAULT+android.intent.category.LAUNCHER
ADDED from src\main\AndroidManifest.xml:65:13-69:29
action#android.intent.action.MAIN
ADDED from src\main\AndroidManifest.xml:66:17-69
	android:name
		ADDED from src\main\AndroidManifest.xml:66:25-66
category#android.intent.category.DEFAULT
ADDED from src\main\AndroidManifest.xml:67:17-76
	android:name
		ADDED from src\main\AndroidManifest.xml:67:27-73
category#android.intent.category.LAUNCHER
ADDED from src\main\AndroidManifest.xml:68:17-77
	android:name
		ADDED from src\main\AndroidManifest.xml:68:27-74
activity#com.example.android.apis.app.HelloWorld
ADDED from src\main\AndroidManifest.xml:78:9-83:20
	android:label
		ADDED from src\main\AndroidManifest.xml:78:50-94
	android:name
		ADDED from src\main\AndroidManifest.xml:78:19-49
intent-filter#android.intent.action.MAIN+android.intent.category.SAMPLE_CODE
ADDED from src\main\AndroidManifest.xml:79:13-82:29
category#android.intent.category.SAMPLE_CODE
ADDED from src\main\AndroidManifest.xml:81:17-80
	android:name
		ADDED from src\main\AndroidManifest.xml:81:27-77
activity#com.example.android.apis.app.DialogActivity
ADDED from src\main\AndroidManifest.xml:85:9-92:20
	android:label
		ADDED from src\main\AndroidManifest.xml:86:17-56
	android:theme
		ADDED from src\main\AndroidManifest.xml:87:17-58
	android:name
		ADDED from src\main\AndroidManifest.xml:85:19-53
activity#com.example.android.apis.app.CustomDialogActivity
ADDED from src\main\AndroidManifest.xml:94:9-101:20
	android:label
		ADDED from src\main\AndroidManifest.xml:95:17-63
	android:theme
		ADDED from src\main\AndroidManifest.xml:96:17-58
	android:name
		ADDED from src\main\AndroidManifest.xml:94:19-59
activity#com.example.android.apis.app.OverscanActivity
ADDED from src\main\AndroidManifest.xml:103:9-111:20
	android:enabled
		ADDED from src\main\AndroidManifest.xml:106:17-60
	android:label
		ADDED from src\main\AndroidManifest.xml:104:17-58
	android:theme
		ADDED from src\main\AndroidManifest.xml:105:17-79
	android:name
		ADDED from src\main\AndroidManifest.xml:103:19-55
activity#com.example.android.apis.app.QuickContactsDemo
ADDED from src\main\AndroidManifest.xml:113:8-119:20
	android:label
		ADDED from src\main\AndroidManifest.xml:114:17-60
	android:name
		ADDED from src\main\AndroidManifest.xml:113:18-55
activity#com.example.android.apis.app.WallpaperActivity
ADDED from src\main\AndroidManifest.xml:121:9-128:20
	android:label
		ADDED from src\main\AndroidManifest.xml:122:17-59
	android:theme
		ADDED from src\main\AndroidManifest.xml:123:17-55
	android:name
		ADDED from src\main\AndroidManifest.xml:121:19-56
activity#com.example.android.apis.app.TranslucentActivity
ADDED from src\main\AndroidManifest.xml:130:9-137:20
	android:label
		ADDED from src\main\AndroidManifest.xml:131:17-61
	android:theme
		ADDED from src\main\AndroidManifest.xml:132:17-57
	android:name
		ADDED from src\main\AndroidManifest.xml:130:19-58
activity#com.example.android.apis.app.TranslucentBlurActivity
ADDED from src\main\AndroidManifest.xml:139:9-146:20
	android:label
		ADDED from src\main\AndroidManifest.xml:140:17-66
	android:theme
		ADDED from src\main\AndroidManifest.xml:141:17-57
	android:name
		ADDED from src\main\AndroidManifest.xml:139:19-62
activity#com.example.android.apis.app.Animation
ADDED from src\main\AndroidManifest.xml:148:9-153:20
	android:label
		ADDED from src\main\AndroidManifest.xml:148:49-91
	android:name
		ADDED from src\main\AndroidManifest.xml:148:19-48
activity#com.example.android.apis.app.SaveRestoreState
ADDED from src\main\AndroidManifest.xml:155:9-162:20
	android:label
		ADDED from src\main\AndroidManifest.xml:156:17-62
	android:windowSoftInputMode
		ADDED from src\main\AndroidManifest.xml:157:17-72
	android:name
		ADDED from src\main\AndroidManifest.xml:155:19-55
activity#com.example.android.apis.app.PersistentState
ADDED from src\main\AndroidManifest.xml:164:9-171:20
	android:label
		ADDED from src\main\AndroidManifest.xml:165:17-60
	android:windowSoftInputMode
		ADDED from src\main\AndroidManifest.xml:166:17-72
	android:name
		ADDED from src\main\AndroidManifest.xml:164:19-54
activity#com.example.android.apis.app.ActivityRecreate
ADDED from src\main\AndroidManifest.xml:173:9-180:20
	android:enabled
		ADDED from src\main\AndroidManifest.xml:175:17-57
	android:label
		ADDED from src\main\AndroidManifest.xml:174:17-58
	android:name
		ADDED from src\main\AndroidManifest.xml:173:19-55
activity#com.example.android.apis.app.FinishAffinity
ADDED from src\main\AndroidManifest.xml:182:9-190:20
	android:enabled
		ADDED from src\main\AndroidManifest.xml:185:17-57
	android:label
		ADDED from src\main\AndroidManifest.xml:183:17-65
	android:taskAffinity
		ADDED from src\main\AndroidManifest.xml:184:17-50
	android:name
		ADDED from src\main\AndroidManifest.xml:182:19-53
activity#com.example.android.apis.app.SoftInputModes
ADDED from src\main\AndroidManifest.xml:192:9-198:20
	android:label
		ADDED from src\main\AndroidManifest.xml:193:17-57
	android:name
		ADDED from src\main\AndroidManifest.xml:192:19-53
activity#com.example.android.apis.app.ReceiveResult
ADDED from src\main\AndroidManifest.xml:200:9-205:20
	android:label
		ADDED from src\main\AndroidManifest.xml:200:53-100
	android:name
		ADDED from src\main\AndroidManifest.xml:200:19-52
activity#com.example.android.apis.app.SendResult
ADDED from src\main\AndroidManifest.xml:207:9-209:20
	android:theme
		ADDED from src\main\AndroidManifest.xml:208:17-60
	android:name
		ADDED from src\main\AndroidManifest.xml:207:19-49
activity#com.example.android.apis.app.Forwarding
ADDED from src\main\AndroidManifest.xml:211:9-216:20
	android:label
		ADDED from src\main\AndroidManifest.xml:211:50-93
	android:name
		ADDED from src\main\AndroidManifest.xml:211:19-49
activity#com.example.android.apis.app.ForwardTarget
ADDED from src\main\AndroidManifest.xml:218:9-219:20
	android:name
		ADDED from src\main\AndroidManifest.xml:218:19-52
activity#com.example.android.apis.app.RedirectEnter
ADDED from src\main\AndroidManifest.xml:221:9-226:20
	android:label
		ADDED from src\main\AndroidManifest.xml:221:53-94
	android:name
		ADDED from src\main\AndroidManifest.xml:221:19-52
activity#com.example.android.apis.app.RedirectMain
ADDED from src\main\AndroidManifest.xml:228:9-229:20
	android:name
		ADDED from src\main\AndroidManifest.xml:228:19-51
activity#com.example.android.apis.app.RedirectGetter
ADDED from src\main\AndroidManifest.xml:231:9-232:20
	android:name
		ADDED from src\main\AndroidManifest.xml:231:19-53
activity#com.example.android.apis.app.CustomTitle
ADDED from src\main\AndroidManifest.xml:236:9-244:20
	android:label
		ADDED from src\main\AndroidManifest.xml:237:17-62
	android:windowSoftInputMode
		ADDED from src\main\AndroidManifest.xml:238:17-69
	android:theme
		ADDED from src\main\AndroidManifest.xml:239:17-53
	android:name
		ADDED from src\main\AndroidManifest.xml:236:19-50
activity#com.example.android.apis.app.ReorderOnLaunch
ADDED from src\main\AndroidManifest.xml:246:9-252:20
	android:label
		ADDED from src\main\AndroidManifest.xml:247:17-57
	android:name
		ADDED from src\main\AndroidManifest.xml:246:19-54
activity#com.example.android.apis.app.RotationAnimation
ADDED from src\main\AndroidManifest.xml:254:9-260:20
	android:label
		ADDED from src\main\AndroidManifest.xml:255:17-68
	android:name
		ADDED from src\main\AndroidManifest.xml:254:19-56
activity#com.example.android.apis.app.ReorderTwo
ADDED from src\main\AndroidManifest.xml:262:9-52
	android:name
		ADDED from src\main\AndroidManifest.xml:262:19-49
activity#com.example.android.apis.app.ReorderThree
ADDED from src\main\AndroidManifest.xml:263:9-54
	android:name
		ADDED from src\main\AndroidManifest.xml:263:19-51
activity#com.example.android.apis.app.ReorderFour
ADDED from src\main\AndroidManifest.xml:264:9-53
	android:name
		ADDED from src\main\AndroidManifest.xml:264:19-50
activity#com.example.android.apis.app.SetWallpaperActivity
ADDED from src\main\AndroidManifest.xml:266:9-272:20
	android:label
		ADDED from src\main\AndroidManifest.xml:267:19-64
	android:name
		ADDED from src\main\AndroidManifest.xml:266:19-59
activity#com.example.android.apis.app.ScreenOrientation
ADDED from src\main\AndroidManifest.xml:274:9-280:20
	android:label
		ADDED from src\main\AndroidManifest.xml:275:19-70
	android:name
		ADDED from src\main\AndroidManifest.xml:274:19-56
activity#com.example.android.apis.app.PresentationActivity
ADDED from src\main\AndroidManifest.xml:282:9-288:20
	android:label
		ADDED from src\main\AndroidManifest.xml:283:17-62
	android:name
		ADDED from src\main\AndroidManifest.xml:282:19-59
activity#com.example.android.apis.app.PresentationWithMediaRouterActivity
ADDED from src\main\AndroidManifest.xml:290:9-296:20
	android:label
		ADDED from src\main\AndroidManifest.xml:291:17-80
	android:name
		ADDED from src\main\AndroidManifest.xml:290:19-74
activity#com.example.android.apis.app.SecureWindowActivity
ADDED from src\main\AndroidManifest.xml:298:9-304:20
	android:label
		ADDED from src\main\AndroidManifest.xml:299:17-63
	android:name
		ADDED from src\main\AndroidManifest.xml:298:19-59
activity#com.example.android.apis.app.SecureDialogActivity
ADDED from src\main\AndroidManifest.xml:306:9-312:20
	android:label
		ADDED from src\main\AndroidManifest.xml:307:17-63
	android:name
		ADDED from src\main\AndroidManifest.xml:306:19-59
activity#com.example.android.apis.app.SecureSurfaceViewActivity
ADDED from src\main\AndroidManifest.xml:314:9-320:20
	android:label
		ADDED from src\main\AndroidManifest.xml:315:17-69
	android:name
		ADDED from src\main\AndroidManifest.xml:314:19-64
activity#com.example.android.apis.app.FragmentAlertDialog
ADDED from src\main\AndroidManifest.xml:324:9-331:20
	android:enabled
		ADDED from src\main\AndroidManifest.xml:326:17-57
	android:label
		ADDED from src\main\AndroidManifest.xml:325:17-62
	android:name
		ADDED from src\main\AndroidManifest.xml:324:19-58
activity#com.example.android.apis.app.FragmentArguments
ADDED from src\main\AndroidManifest.xml:333:9-340:20
	android:enabled
		ADDED from src\main\AndroidManifest.xml:335:17-57
	android:label
		ADDED from src\main\AndroidManifest.xml:334:17-59
	android:name
		ADDED from src\main\AndroidManifest.xml:333:19-56
activity#com.example.android.apis.app.FragmentCustomAnimations
ADDED from src\main\AndroidManifest.xml:342:9-349:20
	android:enabled
		ADDED from src\main\AndroidManifest.xml:344:17-60
	android:label
		ADDED from src\main\AndroidManifest.xml:343:17-67
	android:name
		ADDED from src\main\AndroidManifest.xml:342:19-63
activity#com.example.android.apis.app.FragmentHideShow
ADDED from src\main\AndroidManifest.xml:351:9-359:20
	android:enabled
		ADDED from src\main\AndroidManifest.xml:354:17-57
	android:label
		ADDED from src\main\AndroidManifest.xml:352:17-59
	android:windowSoftInputMode
		ADDED from src\main\AndroidManifest.xml:353:17-61
	android:name
		ADDED from src\main\AndroidManifest.xml:351:19-55
activity#com.example.android.apis.app.FragmentContextMenu
ADDED from src\main\AndroidManifest.xml:361:9-368:20
	android:enabled
		ADDED from src\main\AndroidManifest.xml:363:17-57
	android:label
		ADDED from src\main\AndroidManifest.xml:362:17-62
	android:name
		ADDED from src\main\AndroidManifest.xml:361:19-58
activity#com.example.android.apis.app.FragmentDialog
ADDED from src\main\AndroidManifest.xml:370:9-377:20
	android:enabled
		ADDED from src\main\AndroidManifest.xml:372:17-57
	android:label
		ADDED from src\main\AndroidManifest.xml:371:17-56
	android:name
		ADDED from src\main\AndroidManifest.xml:370:19-53
activity#com.example.android.apis.app.FragmentDialogOrActivity
ADDED from src\main\AndroidManifest.xml:379:9-386:20
	android:enabled
		ADDED from src\main\AndroidManifest.xml:381:17-57
	android:label
		ADDED from src\main\AndroidManifest.xml:380:17-68
	android:name
		ADDED from src\main\AndroidManifest.xml:379:19-63
activity#com.example.android.apis.app.FragmentLayout
ADDED from src\main\AndroidManifest.xml:388:9-395:20
	android:enabled
		ADDED from src\main\AndroidManifest.xml:390:17-57
	android:label
		ADDED from src\main\AndroidManifest.xml:389:17-56
	android:name
		ADDED from src\main\AndroidManifest.xml:388:19-53
activity#com.example.android.apis.app.FragmentLayout$DetailsActivity
ADDED from src\main\AndroidManifest.xml:397:9-398:60
	android:enabled
		ADDED from src\main\AndroidManifest.xml:398:17-57
	android:name
		ADDED from src\main\AndroidManifest.xml:397:19-69
activity#com.example.android.apis.app.FragmentListArray
ADDED from src\main\AndroidManifest.xml:400:9-407:20
	android:enabled
		ADDED from src\main\AndroidManifest.xml:402:17-57
	android:label
		ADDED from src\main\AndroidManifest.xml:401:17-60
	android:name
		ADDED from src\main\AndroidManifest.xml:400:19-56
activity#com.example.android.apis.app.FragmentMenu
ADDED from src\main\AndroidManifest.xml:409:9-416:20
	android:enabled
		ADDED from src\main\AndroidManifest.xml:411:17-57
	android:label
		ADDED from src\main\AndroidManifest.xml:410:17-54
	android:name
		ADDED from src\main\AndroidManifest.xml:409:19-51
activity#com.example.android.apis.app.FragmentNestingTabs
ADDED from src\main\AndroidManifest.xml:418:9-425:20
	android:enabled
		ADDED from src\main\AndroidManifest.xml:420:17-60
	android:label
		ADDED from src\main\AndroidManifest.xml:419:17-62
	android:name
		ADDED from src\main\AndroidManifest.xml:418:19-58
activity#com.example.android.apis.app.FragmentRetainInstance
ADDED from src\main\AndroidManifest.xml:427:9-434:20
	android:enabled
		ADDED from src\main\AndroidManifest.xml:429:17-57
	android:label
		ADDED from src\main\AndroidManifest.xml:428:17-65
	android:name
		ADDED from src\main\AndroidManifest.xml:427:19-61
activity#com.example.android.apis.app.FragmentReceiveResult
ADDED from src\main\AndroidManifest.xml:436:9-443:20
	android:enabled
		ADDED from src\main\AndroidManifest.xml:438:17-57
	android:label
		ADDED from src\main\AndroidManifest.xml:437:17-64
	android:name
		ADDED from src\main\AndroidManifest.xml:436:19-60
activity#com.example.android.apis.app.FragmentStack
ADDED from src\main\AndroidManifest.xml:445:9-452:20
	android:enabled